<?xml version="1.0" encoding="UTF-8" ?>
<testsuite tests="16" failures="0" name="step_definitions.RunCukesTest" time="0.512" errors="0" skipped="0">
  <properties>
[...]
</properties>
  <testcase classname="Scenario: Normal login" name="Given User open the website sauce demo" time="0.02"/>
  <testcase classname="Scenario: Normal login" name="When User input &quot;standard_user&quot; as userName and input &quot;secret_sauce&quot; as pass" time="0"/>
  <testcase classname="Scenario: Normal login" name="Then User already on landing page" time="0"/>
  <testcase classname="Scenario: Normal login" name="Scenario: Normal login" time="0.138"/>
  <testcase classname="| standard_user |  | Epic sadface: Password is required |" name="Given User open the website sauce demo" time="0.001"/>
  <testcase classname="| standard_user |  | Epic sadface: Password is required |" name="When User input &quot;standard_user&quot; as userName and input &quot;&quot; as pass" time="0"/>
  <testcase classname="| standard_user |  | Epic sadface: Password is required |" name="Then User see error &quot;Epic sadface: Password is required&quot; on login page" time="0"/>
  <testcase classname="| standard_user |  | Epic sadface: Password is required |" name="| standard_user |  | Epic sadface: Password is required |" time="0.13"/>
  <testcase classname="|  | secret_sauce | Epic sadface: Username is required |" name="Given User open the website sauce demo" time="0"/>
  <testcase classname="|  | secret_sauce | Epic sadface: Username is required |" name="When User input &quot;&quot; as userName and input &quot;secret_sauce&quot; as pass" time="0"/>
  <testcase classname="|  | secret_sauce | Epic sadface: Username is required |" name="Then User see error &quot;Epic sadface: Username is required&quot; on login page" time="0"/>
  <testcase classname="|  | secret_sauce | Epic sadface: Username is required |" name="|  | secret_sauce | Epic sadface: Username is required |" time="0.113"/>
  <testcase classname="| asd | asd | Epic sadface: Username and password do not match any user in this service |" name="Given User open the website sauce demo" time="0"/>
  <testcase classname="| asd | asd | Epic sadface: Username and password do not match any user in this service |" name="When User input &quot;asd&quot; as userName and input &quot;asd&quot; as pass" time="0"/>
  <testcase classname="| asd | asd | Epic sadface: Username and password do not match any user in this service |" name="Then User see error &quot;Epic sadface: Username and password do not match any user in this service&quot; on login page" time="0"/>
  <testcase classname="| asd | asd | Epic sadface: Username and password do not match any user in this service |" name="| asd | asd | Epic sadface: Username and password do not match any user in this service |" time="0.11"/>
</testsuite>