<?xml version="1.0" encoding="UTF-8" ?>
<testsuite tests="15" failures="0" name="step_definitions.RunCukesTest" time="0.164" errors="0" skipped="0">
  <properties>
[...]
</properties>
  <testcase classname="Scenario: User make a purchase with 2 item" name="Given User open the website sauce demo" time="0.02"/>
  <testcase classname="Scenario: User make a purchase with 2 item" name="When User input &quot;standard_user&quot; as userName and input &quot;secret_sauce&quot; as pass" time="0.001"/>
  <testcase classname="Scenario: User make a purchase with 2 item" name="Then User already on landing page" time="0"/>
  <testcase classname="Scenario: User make a purchase with 2 item" name="And User sort product list by &quot;Name (Z to A)&quot;" time="0"/>
  <testcase classname="Scenario: User make a purchase with 2 item" name="And User choice 2 product from the list" time="0"/>
  <testcase classname="Scenario: User make a purchase with 2 item" name="And User click chart button" time="0"/>
  <testcase classname="Scenario: User make a purchase with 2 item" name="Then User already on Chart Page" time="0"/>
  <testcase classname="Scenario: User make a purchase with 2 item" name="And User remove the last item" time="0"/>
  <testcase classname="Scenario: User make a purchase with 2 item" name="And User click checkout button" time="0"/>
  <testcase classname="Scenario: User make a purchase with 2 item" name="And User input user &quot;riski&quot; as first , &quot;ferdian&quot; as last, &quot;68131&quot; as zip on checkout page" time="0.001"/>
  <testcase classname="Scenario: User make a purchase with 2 item" name="Then System display a page where item price is same with item total" time="0"/>
  <testcase classname="Scenario: User make a purchase with 2 item" name="And System display the item total price after tax is same with total purchase" time="0"/>
  <testcase classname="Scenario: User make a purchase with 2 item" name="And User click finish button" time="0"/>
  <testcase classname="Scenario: User make a purchase with 2 item" name="Then System display message thank you for your order" time="0"/>
  <testcase classname="Scenario: User make a purchase with 2 item" name="Scenario: User make a purchase with 2 item" time="0.142"/>
</testsuite>